The CXX compiler identification could not be found in "D:/Code/cpp/lab10/cmake-build-debug/CMakeFiles/3.12.3/CompilerIdCXX/a.exe"

Detecting CXX compiler ABI info failed to compile with the following output:
Change Dir: D:/Code/cpp/lab10/cmake-build-debug/CMakeFiles/CMakeTmp

Run Build Command:"D:/MinGW/bin/mingw32-make.exe" "cmTC_7f1f9/fast"
D:/MinGW/bin/mingw32-make.exe -f CMakeFiles\cmTC_7f1f9.dir\build.make CMakeFiles/cmTC_7f1f9.dir/build
mingw32-make.exe[1]: Entering directory 'D:/Code/cpp/lab10/cmake-build-debug/CMakeFiles/CMakeTmp'
Building CXX object CMakeFiles/cmTC_7f1f9.dir/CMakeCXXCompilerABI.cpp.obj
D:\MinGW\bin\g++.exe     -o CMakeFiles\cmTC_7f1f9.dir\CMakeCXXCompilerABI.cpp.obj -c "D:\Program Files\JetBrains\CLion 2018.2.6\bin\cmake\win\share\cmake-3.12\Modules\CMakeCXXCompilerABI.cpp"
Linking CXX executable cmTC_7f1f9.exe
"D:\Program Files\JetBrains\CLion 2018.2.6\bin\cmake\win\bin\cmake.exe" -E cmake_link_script CMakeFiles\cmTC_7f1f9.dir\link.txt --verbose=1
"D:\Program Files\JetBrains\CLion 2018.2.6\bin\cmake\win\bin\cmake.exe" -E remove -f CMakeFiles\cmTC_7f1f9.dir/objects.a
D:\MinGW\bin\ar.exe cr CMakeFiles\cmTC_7f1f9.dir/objects.a @CMakeFiles\cmTC_7f1f9.dir\objects1.rsp
D:\MinGW\bin\g++.exe     -v -Wl,--whole-archive CMakeFiles\cmTC_7f1f9.dir/objects.a -Wl,--no-whole-archive  -o cmTC_7f1f9.exe -Wl,--out-implib,libcmTC_7f1f9.dll.a -Wl,--major-image-version,0,--minor-image-version,0 
Using built-in specs.
COLLECT_GCC=D:\MinGW\bin\g++.exe
COLLECT_LTO_WRAPPER=d:/mingw/bin/../libexec/gcc/mingw32/6.3.0/lto-wrapper.exe
Target: mingw32
Configured with: ../src/gcc-6.3.0/configure --build=x86_64-pc-linux-gnu --host=mingw32 --with-gmp=/mingw --with-mpfr=/mingw --with-mpc=/mingw --with-isl=/mingw --prefix=/mingw --disable-win32-registry --target=mingw32 --with-arch=i586 --enable-languages=c,c++,objc,obj-c++,fortran,ada --with-pkgversion='MinGW.org GCC-6.3.0-1' --enable-static --enable-shared --enable-threads --with-dwarf2 --disable-sjlj-exceptions --enable-version-specific-runtime-libs --with-libiconv-prefix=/mingw --with-libintl-prefix=/mingw --enable-libstdcxx-debug --with-tune=generic --enable-libgomp --disable-libvtv --enable-nls
Thread model: win32
gcc version 6.3.0 (MinGW.org GCC-6.3.0-1) 
COMPILER_PATH=d:/mingw/bin/../libexec/gcc/mingw32/6.3.0/;d:/mingw/bin/../libexec/gcc/;d:/mingw/bin/../lib/gcc/mingw32/6.3.0/../../../../mingw32/bin/
LIBRARY_PATH=d:/mingw/bin/../lib/gcc/mingw32/6.3.0/;d:/mingw/bin/../lib/gcc/;d:/mingw/bin/../lib/gcc/mingw32/6.3.0/../../../../mingw32/lib/;d:/mingw/bin/../lib/gcc/mingw32/6.3.0/../../../
COLLECT_GCC_OPTIONS='-v' '-o' 'cmTC_7f1f9.exe' '-shared-libgcc' '-mtune=generic' '-march=i586'
 d:/mingw/bin/../libexec/gcc/mingw32/6.3.0/collect2.exe -plugin d:/mingw/bin/../libexec/gcc/mingw32/6.3.0/liblto_plugin-0.dll -plugin-opt=d:/mingw/bin/../libexec/gcc/mingw32/6.3.0/lto-wrapper.exe -plugin-opt=-fresolution=C:\Users\Joy\AppData\Local\Temp\cchcBFBi.res -plugin-opt=-pass-through=-lmingw32 -plugin-opt=-pass-through=-lgcc_s -plugin-opt=-pass-through=-lgcc -plugin-opt=-pass-through=-lmoldname -plugin-opt=-pass-through=-lmingwex -plugin-opt=-pass-through=-lmsvcrt -plugin-opt=-pass-through=-ladvapi32 -plugin-opt=-pass-through=-lshell32 -plugin-opt=-pass-through=-luser32 -plugin-opt=-pass-through=-lkernel32 -plugin-opt=-pass-through=-lmingw32 -plugin-opt=-pass-through=-lgcc_s -plugin-opt=-pass-through=-lgcc -plugin-opt=-pass-through=-lmoldname -plugin-opt=-pass-through=-lmingwex -plugin-opt=-pass-through=-lmsvcrt -Bdynamic -u ___register_frame_info -u ___deregister_frame_info -o cmTC_7f1f9.exe d:/mingw/bin/../lib/gcc/mingw32/6.3.0/../../../crt2.o d:/mingw/bin/../lib/gcc/mingw32/6.3.0/crtbegin.o -Ld:/mingw/bin/../lib/gcc/mingw32/6.3.0 -Ld:/mingw/bin/../lib/gcc -Ld:/mingw/bin/../lib/gcc/mingw32/6.3.0/../../../../mingw32/lib -Ld:/mingw/bin/../lib/gcc/mingw32/6.3.0/../../.. --whole-archive CMakeFiles\cmTC_7f1f9.dir/objects.a --no-whole-archive --out-implib libcmTC_7f1f9.dll.a --major-image-version 0 --minor-image-version 0 -lstdc++ -lmingw32 -lgcc_s -lgcc -lmoldname -lmingwex -lmsvcrt -ladvapi32 -lshell32 -luser32 -lkernel32 -lmingw32 -lgcc_s -lgcc -lmoldname -lmingwex -lmsvcrt d:/mingw/bin/../lib/gcc/mingw32/6.3.0/crtend.o
COLLECT_GCC_OPTIONS='-v' '-o' 'cmTC_7f1f9.exe' '-shared-libgcc' '-mtune=generic' '-march=i586'
mingw32-make.exe[1]: Leaving directory 'D:/Code/cpp/lab10/cmake-build-debug/CMakeFiles/CMakeTmp'

Cannot copy output executable
  'D:/Code/cpp/lab10/cmake-build-debug/CMakeFiles/CMakeTmp/cmTC_7f1f9.exe'
to destination specified by COPY_FILE:
  'D:/Code/cpp/lab10/cmake-build-debug/CMakeFiles/3.12.3/CMakeDetermineCompilerABI_CXX.bin'


